#! /opt/homebrew/Cellar/icarus-verilog/12.0/bin/vvp
:ivl_version "12.0 (stable)";
:ivl_delay_selection "TYPICAL";
:vpi_time_precision - 12;
:vpi_module "/opt/homebrew/Cellar/icarus-verilog/12.0/lib/ivl/system.vpi";
:vpi_module "/opt/homebrew/Cellar/icarus-verilog/12.0/lib/ivl/vhdl_sys.vpi";
:vpi_module "/opt/homebrew/Cellar/icarus-verilog/12.0/lib/ivl/vhdl_textio.vpi";
:vpi_module "/opt/homebrew/Cellar/icarus-verilog/12.0/lib/ivl/v2005_math.vpi";
:vpi_module "/opt/homebrew/Cellar/icarus-verilog/12.0/lib/ivl/va_math.vpi";
:vpi_module "/opt/homebrew/Cellar/icarus-verilog/12.0/lib/ivl/v2009.vpi";
S_0xad7048000 .scope package, "$unit" "$unit" 2 1;
 .timescale 0 0;
S_0xad7048180 .scope module, "nand1" "nand1" 3 12;
 .timescale -9 -12;
    .port_info 0 /INPUT 1 "a";
    .port_info 1 /INPUT 1 "b";
    .port_info 2 /OUTPUT 1 "y";
o0xad6820040 .functor BUFZ 1, C4<z>; HiZ drive
o0xad6820070 .functor BUFZ 1, C4<z>; HiZ drive
L_0x100d6cd30 .functor AND 1, o0xad6820040, o0xad6820070, C4<1>, C4<1>;
L_0x100d75fc0 .functor NOT 1, L_0x100d6cd30, C4<0>, C4<0>, C4<0>;
v0x100d6e3f0_0 .net *"_ivl_0", 0 0, L_0x100d6cd30;  1 drivers
v0x100d6e490_0 .net "a", 0 0, o0xad6820040;  0 drivers
v0x100d6e530_0 .net "b", 0 0, o0xad6820070;  0 drivers
v0x100d6e5d0_0 .net "y", 0 0, L_0x100d75fc0;  1 drivers
S_0xad7048300 .scope module, "nor1" "nor1" 3 21;
 .timescale -9 -12;
    .port_info 0 /INPUT 1 "a";
    .port_info 1 /INPUT 1 "b";
    .port_info 2 /OUTPUT 1 "y";
o0xad6820190 .functor BUFZ 1, C4<z>; HiZ drive
o0xad68201c0 .functor BUFZ 1, C4<z>; HiZ drive
L_0x100d76030 .functor OR 1, o0xad6820190, o0xad68201c0, C4<0>, C4<0>;
L_0x100d6c0d0 .functor NOT 1, L_0x100d76030, C4<0>, C4<0>, C4<0>;
v0x100d6e670_0 .net *"_ivl_0", 0 0, L_0x100d76030;  1 drivers
v0x100d6aa60_0 .net "a", 0 0, o0xad6820190;  0 drivers
v0x100d6ab00_0 .net "b", 0 0, o0xad68201c0;  0 drivers
v0x100d6aba0_0 .net "y", 0 0, L_0x100d6c0d0;  1 drivers
S_0xad7048480 .scope module, "not1" "not1" 3 4;
 .timescale -9 -12;
    .port_info 0 /INPUT 1 "a";
    .port_info 1 /OUTPUT 1 "y";
o0xad68202b0 .functor BUFZ 1, C4<z>; HiZ drive
L_0x100d6c140 .functor NOT 1, o0xad68202b0, C4<0>, C4<0>, C4<0>;
v0x100d6ac40_0 .net "a", 0 0, o0xad68202b0;  0 drivers
v0x100d6ace0_0 .net "y", 0 0, L_0x100d6c140;  1 drivers
S_0xad7048600 .scope module, "tb_ashift4_by1" "tb_ashift4_by1" 4 3;
 .timescale -9 -12;
v0xad6c60320_0 .var "A", 3 0;
v0xad6c603c0_0 .net "Y", 3 0, L_0x100d6d7d0;  1 drivers
v0xad6c60460_0 .var/i "errors", 31 0;
S_0x100d6ca70 .scope task, "check4" "check4" 4 12, 4 12 0, S_0xad7048600;
 .timescale -9 -12;
v0x100d6cbf0_0 .var "exp", 3 0;
v0x100d6cc90_0 .var "got", 3 0;
v0xad6c60000_0 .var "label", 255 0;
TD_tb_ashift4_by1.check4 ;
    %load/vec4 v0x100d6cc90_0;
    %load/vec4 v0x100d6cbf0_0;
    %cmp/ne;
    %jmp/0xz  T_0.0, 6;
    %vpi_call/w 4 18 "$display", "FAIL: %s | got=%b exp=%b", v0xad6c60000_0, v0x100d6cc90_0, v0x100d6cbf0_0 {0 0 0};
    %load/vec4 v0xad6c60460_0;
    %addi 1, 0, 32;
    %store/vec4 v0xad6c60460_0, 0, 32;
    %jmp T_0.1;
T_0.0 ;
    %vpi_call/w 4 21 "$display", "PASS: %s", v0xad6c60000_0 {0 0 0};
T_0.1 ;
    %end;
S_0x100d6bf50 .scope module, "dut" "ashift4_by1" 4 10, 5 6 0, S_0xad7048600;
 .timescale -9 -12;
    .port_info 0 /INPUT 4 "a";
    .port_info 1 /OUTPUT 4 "y";
v0xad6c600a0_0 .net *"_ivl_1", 0 0, L_0x100d6c1b0;  1 drivers
v0xad6c60140_0 .net *"_ivl_3", 2 0, L_0x100d6d730;  1 drivers
v0xad6c601e0_0 .net "a", 3 0, v0xad6c60320_0;  1 drivers
v0xad6c60280_0 .net "y", 3 0, L_0x100d6d7d0;  alias, 1 drivers
L_0x100d6c1b0 .part v0xad6c60320_0, 3, 1;
L_0x100d6d730 .part v0xad6c60320_0, 1, 3;
L_0x100d6d7d0 .concat [ 3 1 0 0], L_0x100d6d730, L_0x100d6c1b0;
    .scope S_0xad7048600;
T_1 ;
    %pushi/vec4 0, 0, 32;
    %store/vec4 v0xad6c60460_0, 0, 32;
    %vpi_call/w 4 29 "$dumpfile", "waves/ashift4_by1.vcd" {0 0 0};
    %vpi_call/w 4 30 "$dumpvars", 32'sb00000000000000000000000000000000, S_0xad7048600 {0 0 0};
    %pushi/vec4 0, 0, 4;
    %store/vec4 v0xad6c60320_0, 0, 4;
    %delay 5000, 0;
    %pushi/vec4 0, 0, 32; draw_string_vec4
    %pushi/vec4 0, 0, 32; draw_string_vec4
    %concat/vec4; draw_string_vec4
    %pushi/vec4 0, 0, 32; draw_string_vec4
    %concat/vec4; draw_string_vec4
    %pushi/vec4 0, 0, 32; draw_string_vec4
    %concat/vec4; draw_string_vec4
    %pushi/vec4 0, 0, 32; draw_string_vec4
    %concat/vec4; draw_string_vec4
    %pushi/vec4 4281170, 0, 32; draw_string_vec4
    %concat/vec4; draw_string_vec4
    %pushi/vec4 824197437, 0, 32; draw_string_vec4
    %concat/vec4; draw_string_vec4
    %pushi/vec4 808464432, 0, 32; draw_string_vec4
    %concat/vec4; draw_string_vec4
    %store/vec4 v0xad6c60000_0, 0, 256;
    %load/vec4 v0xad6c603c0_0;
    %store/vec4 v0x100d6cc90_0, 0, 4;
    %pushi/vec4 0, 0, 4;
    %store/vec4 v0x100d6cbf0_0, 0, 4;
    %fork TD_tb_ashift4_by1.check4, S_0x100d6ca70;
    %join;
    %pushi/vec4 1, 0, 4;
    %store/vec4 v0xad6c60320_0, 0, 4;
    %delay 5000, 0;
    %pushi/vec4 0, 0, 32; draw_string_vec4
    %pushi/vec4 0, 0, 32; draw_string_vec4
    %concat/vec4; draw_string_vec4
    %pushi/vec4 0, 0, 32; draw_string_vec4
    %concat/vec4; draw_string_vec4
    %pushi/vec4 0, 0, 32; draw_string_vec4
    %concat/vec4; draw_string_vec4
    %pushi/vec4 0, 0, 32; draw_string_vec4
    %concat/vec4; draw_string_vec4
    %pushi/vec4 4281170, 0, 32; draw_string_vec4
    %concat/vec4; draw_string_vec4
    %pushi/vec4 824197437, 0, 32; draw_string_vec4
    %concat/vec4; draw_string_vec4
    %pushi/vec4 808464433, 0, 32; draw_string_vec4
    %concat/vec4; draw_string_vec4
    %store/vec4 v0xad6c60000_0, 0, 256;
    %load/vec4 v0xad6c603c0_0;
    %store/vec4 v0x100d6cc90_0, 0, 4;
    %pushi/vec4 0, 0, 4;
    %store/vec4 v0x100d6cbf0_0, 0, 4;
    %fork TD_tb_ashift4_by1.check4, S_0x100d6ca70;
    %join;
    %pushi/vec4 2, 0, 4;
    %store/vec4 v0xad6c60320_0, 0, 4;
    %delay 5000, 0;
    %pushi/vec4 0, 0, 32; draw_string_vec4
    %pushi/vec4 0, 0, 32; draw_string_vec4
    %concat/vec4; draw_string_vec4
    %pushi/vec4 0, 0, 32; draw_string_vec4
    %concat/vec4; draw_string_vec4
    %pushi/vec4 0, 0, 32; draw_string_vec4
    %concat/vec4; draw_string_vec4
    %pushi/vec4 0, 0, 32; draw_string_vec4
    %concat/vec4; draw_string_vec4
    %pushi/vec4 4281170, 0, 32; draw_string_vec4
    %concat/vec4; draw_string_vec4
    %pushi/vec4 824197437, 0, 32; draw_string_vec4
    %concat/vec4; draw_string_vec4
    %pushi/vec4 808464688, 0, 32; draw_string_vec4
    %concat/vec4; draw_string_vec4
    %store/vec4 v0xad6c60000_0, 0, 256;
    %load/vec4 v0xad6c603c0_0;
    %store/vec4 v0x100d6cc90_0, 0, 4;
    %pushi/vec4 1, 0, 4;
    %store/vec4 v0x100d6cbf0_0, 0, 4;
    %fork TD_tb_ashift4_by1.check4, S_0x100d6ca70;
    %join;
    %pushi/vec4 5, 0, 4;
    %store/vec4 v0xad6c60320_0, 0, 4;
    %delay 5000, 0;
    %pushi/vec4 0, 0, 32; draw_string_vec4
    %pushi/vec4 0, 0, 32; draw_string_vec4
    %concat/vec4; draw_string_vec4
    %pushi/vec4 0, 0, 32; draw_string_vec4
    %concat/vec4; draw_string_vec4
    %pushi/vec4 0, 0, 32; draw_string_vec4
    %concat/vec4; draw_string_vec4
    %pushi/vec4 0, 0, 32; draw_string_vec4
    %concat/vec4; draw_string_vec4
    %pushi/vec4 4281170, 0, 32; draw_string_vec4
    %concat/vec4; draw_string_vec4
    %pushi/vec4 824197437, 0, 32; draw_string_vec4
    %concat/vec4; draw_string_vec4
    %pushi/vec4 808529969, 0, 32; draw_string_vec4
    %concat/vec4; draw_string_vec4
    %store/vec4 v0xad6c60000_0, 0, 256;
    %load/vec4 v0xad6c603c0_0;
    %store/vec4 v0x100d6cc90_0, 0, 4;
    %pushi/vec4 2, 0, 4;
    %store/vec4 v0x100d6cbf0_0, 0, 4;
    %fork TD_tb_ashift4_by1.check4, S_0x100d6ca70;
    %join;
    %pushi/vec4 7, 0, 4;
    %store/vec4 v0xad6c60320_0, 0, 4;
    %delay 5000, 0;
    %pushi/vec4 0, 0, 32; draw_string_vec4
    %pushi/vec4 0, 0, 32; draw_string_vec4
    %concat/vec4; draw_string_vec4
    %pushi/vec4 0, 0, 32; draw_string_vec4
    %concat/vec4; draw_string_vec4
    %pushi/vec4 0, 0, 32; draw_string_vec4
    %concat/vec4; draw_string_vec4
    %pushi/vec4 0, 0, 32; draw_string_vec4
    %concat/vec4; draw_string_vec4
    %pushi/vec4 4281170, 0, 32; draw_string_vec4
    %concat/vec4; draw_string_vec4
    %pushi/vec4 824197437, 0, 32; draw_string_vec4
    %concat/vec4; draw_string_vec4
    %pushi/vec4 808530225, 0, 32; draw_string_vec4
    %concat/vec4; draw_string_vec4
    %store/vec4 v0xad6c60000_0, 0, 256;
    %load/vec4 v0xad6c603c0_0;
    %store/vec4 v0x100d6cc90_0, 0, 4;
    %pushi/vec4 3, 0, 4;
    %store/vec4 v0x100d6cbf0_0, 0, 4;
    %fork TD_tb_ashift4_by1.check4, S_0x100d6ca70;
    %join;
    %pushi/vec4 8, 0, 4;
    %store/vec4 v0xad6c60320_0, 0, 4;
    %delay 5000, 0;
    %pushi/vec4 0, 0, 32; draw_string_vec4
    %pushi/vec4 0, 0, 32; draw_string_vec4
    %concat/vec4; draw_string_vec4
    %pushi/vec4 0, 0, 32; draw_string_vec4
    %concat/vec4; draw_string_vec4
    %pushi/vec4 0, 0, 32; draw_string_vec4
    %concat/vec4; draw_string_vec4
    %pushi/vec4 0, 0, 32; draw_string_vec4
    %concat/vec4; draw_string_vec4
    %pushi/vec4 4281170, 0, 32; draw_string_vec4
    %concat/vec4; draw_string_vec4
    %pushi/vec4 824197437, 0, 32; draw_string_vec4
    %concat/vec4; draw_string_vec4
    %pushi/vec4 825241648, 0, 32; draw_string_vec4
    %concat/vec4; draw_string_vec4
    %store/vec4 v0xad6c60000_0, 0, 256;
    %load/vec4 v0xad6c603c0_0;
    %store/vec4 v0x100d6cc90_0, 0, 4;
    %pushi/vec4 12, 0, 4;
    %store/vec4 v0x100d6cbf0_0, 0, 4;
    %fork TD_tb_ashift4_by1.check4, S_0x100d6ca70;
    %join;
    %pushi/vec4 9, 0, 4;
    %store/vec4 v0xad6c60320_0, 0, 4;
    %delay 5000, 0;
    %pushi/vec4 0, 0, 32; draw_string_vec4
    %pushi/vec4 0, 0, 32; draw_string_vec4
    %concat/vec4; draw_string_vec4
    %pushi/vec4 0, 0, 32; draw_string_vec4
    %concat/vec4; draw_string_vec4
    %pushi/vec4 0, 0, 32; draw_string_vec4
    %concat/vec4; draw_string_vec4
    %pushi/vec4 0, 0, 32; draw_string_vec4
    %concat/vec4; draw_string_vec4
    %pushi/vec4 4281170, 0, 32; draw_string_vec4
    %concat/vec4; draw_string_vec4
    %pushi/vec4 824197437, 0, 32; draw_string_vec4
    %concat/vec4; draw_string_vec4
    %pushi/vec4 825241649, 0, 32; draw_string_vec4
    %concat/vec4; draw_string_vec4
    %store/vec4 v0xad6c60000_0, 0, 256;
    %load/vec4 v0xad6c603c0_0;
    %store/vec4 v0x100d6cc90_0, 0, 4;
    %pushi/vec4 12, 0, 4;
    %store/vec4 v0x100d6cbf0_0, 0, 4;
    %fork TD_tb_ashift4_by1.check4, S_0x100d6ca70;
    %join;
    %pushi/vec4 11, 0, 4;
    %store/vec4 v0xad6c60320_0, 0, 4;
    %delay 5000, 0;
    %pushi/vec4 0, 0, 32; draw_string_vec4
    %pushi/vec4 0, 0, 32; draw_string_vec4
    %concat/vec4; draw_string_vec4
    %pushi/vec4 0, 0, 32; draw_string_vec4
    %concat/vec4; draw_string_vec4
    %pushi/vec4 0, 0, 32; draw_string_vec4
    %concat/vec4; draw_string_vec4
    %pushi/vec4 0, 0, 32; draw_string_vec4
    %concat/vec4; draw_string_vec4
    %pushi/vec4 4281170, 0, 32; draw_string_vec4
    %concat/vec4; draw_string_vec4
    %pushi/vec4 824197437, 0, 32; draw_string_vec4
    %concat/vec4; draw_string_vec4
    %pushi/vec4 825241905, 0, 32; draw_string_vec4
    %concat/vec4; draw_string_vec4
    %store/vec4 v0xad6c60000_0, 0, 256;
    %load/vec4 v0xad6c603c0_0;
    %store/vec4 v0x100d6cc90_0, 0, 4;
    %pushi/vec4 13, 0, 4;
    %store/vec4 v0x100d6cbf0_0, 0, 4;
    %fork TD_tb_ashift4_by1.check4, S_0x100d6ca70;
    %join;
    %pushi/vec4 15, 0, 4;
    %store/vec4 v0xad6c60320_0, 0, 4;
    %delay 5000, 0;
    %pushi/vec4 0, 0, 32; draw_string_vec4
    %pushi/vec4 0, 0, 32; draw_string_vec4
    %concat/vec4; draw_string_vec4
    %pushi/vec4 0, 0, 32; draw_string_vec4
    %concat/vec4; draw_string_vec4
    %pushi/vec4 0, 0, 32; draw_string_vec4
    %concat/vec4; draw_string_vec4
    %pushi/vec4 0, 0, 32; draw_string_vec4
    %concat/vec4; draw_string_vec4
    %pushi/vec4 4281170, 0, 32; draw_string_vec4
    %concat/vec4; draw_string_vec4
    %pushi/vec4 824197437, 0, 32; draw_string_vec4
    %concat/vec4; draw_string_vec4
    %pushi/vec4 825307441, 0, 32; draw_string_vec4
    %concat/vec4; draw_string_vec4
    %store/vec4 v0xad6c60000_0, 0, 256;
    %load/vec4 v0xad6c603c0_0;
    %store/vec4 v0x100d6cc90_0, 0, 4;
    %pushi/vec4 15, 0, 4;
    %store/vec4 v0x100d6cbf0_0, 0, 4;
    %fork TD_tb_ashift4_by1.check4, S_0x100d6ca70;
    %join;
    %load/vec4 v0xad6c60460_0;
    %cmpi/e 0, 0, 32;
    %jmp/0xz  T_1.0, 4;
    %vpi_call/w 4 46 "$display", "ASHIFT4_BY1: ALL TESTS PASSED \342\234\205" {0 0 0};
    %jmp T_1.1;
T_1.0 ;
    %vpi_call/w 4 47 "$display", "ASHIFT4_BY1: FAILED \342\235\214 errors=%0d", v0xad6c60460_0 {0 0 0};
T_1.1 ;
    %delay 5000, 0;
    %vpi_call/w 4 49 "$finish" {0 0 0};
    %end;
    .thread T_1;
# The file index is used to find the file name in the following table.
:file_names 6;
    "N/A";
    "<interactive>";
    "-";
    "verilog/gates_step1.v";
    "tests/tb_ashift4_by1.v";
    "verilog/ashift4_step1.v";
