#! /opt/homebrew/Cellar/icarus-verilog/12.0/bin/vvp
:ivl_version "12.0 (stable)";
:ivl_delay_selection "TYPICAL";
:vpi_time_precision - 12;
:vpi_module "/opt/homebrew/Cellar/icarus-verilog/12.0/lib/ivl/system.vpi";
:vpi_module "/opt/homebrew/Cellar/icarus-verilog/12.0/lib/ivl/vhdl_sys.vpi";
:vpi_module "/opt/homebrew/Cellar/icarus-verilog/12.0/lib/ivl/vhdl_textio.vpi";
:vpi_module "/opt/homebrew/Cellar/icarus-verilog/12.0/lib/ivl/v2005_math.vpi";
:vpi_module "/opt/homebrew/Cellar/icarus-verilog/12.0/lib/ivl/va_math.vpi";
:vpi_module "/opt/homebrew/Cellar/icarus-verilog/12.0/lib/ivl/v2009.vpi";
S_0x100f0a3e0 .scope package, "$unit" "$unit" 2 1;
 .timescale 0 0;
S_0x100f0a560 .scope module, "ashift4_by1" "ashift4_by1" 3 6;
 .timescale -9 -12;
    .port_info 0 /INPUT 4 "a";
    .port_info 1 /OUTPUT 4 "y";
v0x100f144e0_0 .net *"_ivl_1", 0 0, L_0x100f149c0;  1 drivers
v0x100f08be0_0 .net *"_ivl_3", 2 0, L_0x100f14a60;  1 drivers
o0xa7a820070 .functor BUFZ 4, C4<zzzz>; HiZ drive
v0x100f08c80_0 .net "a", 3 0, o0xa7a820070;  0 drivers
v0x100f07f50_0 .net "y", 3 0, L_0x100f14b00;  1 drivers
L_0x100f149c0 .part o0xa7a820070, 3, 1;
L_0x100f14a60 .part o0xa7a820070, 1, 3;
L_0x100f14b00 .concat [ 3 1 0 0], L_0x100f14a60, L_0x100f149c0;
S_0x100f06a60 .scope module, "nor1" "nor1" 4 21;
 .timescale -9 -12;
    .port_info 0 /INPUT 1 "a";
    .port_info 1 /INPUT 1 "b";
    .port_info 2 /OUTPUT 1 "y";
o0xa7a820160 .functor BUFZ 1, C4<z>; HiZ drive
o0xa7a820190 .functor BUFZ 1, C4<z>; HiZ drive
L_0x100f099e0 .functor OR 1, o0xa7a820160, o0xa7a820190, C4<0>, C4<0>;
L_0x100f08d20 .functor NOT 1, L_0x100f099e0, C4<0>, C4<0>, C4<0>;
v0x100f07ff0_0 .net *"_ivl_0", 0 0, L_0x100f099e0;  1 drivers
v0x100f08090_0 .net "a", 0 0, o0xa7a820160;  0 drivers
v0x100f08130_0 .net "b", 0 0, o0xa7a820190;  0 drivers
v0x100f081d0_0 .net "y", 0 0, L_0x100f08d20;  1 drivers
S_0x100f06be0 .scope module, "not1" "not1" 4 4;
 .timescale -9 -12;
    .port_info 0 /INPUT 1 "a";
    .port_info 1 /OUTPUT 1 "y";
o0xa7a820280 .functor BUFZ 1, C4<z>; HiZ drive
L_0x100f14580 .functor NOT 1, o0xa7a820280, C4<0>, C4<0>, C4<0>;
v0x100f09720_0 .net "a", 0 0, o0xa7a820280;  0 drivers
v0x100f097c0_0 .net "y", 0 0, L_0x100f14580;  1 drivers
S_0x100f08a60 .scope module, "tb_nand1" "tb_nand1" 5 3;
 .timescale -9 -12;
v0xa7ac58320_0 .var "a", 0 0;
v0xa7ac583c0_0 .var "b", 0 0;
v0xa7ac58460_0 .var/i "errors", 31 0;
v0xa7ac58500_0 .net "y", 0 0, L_0x100f14ba0;  1 drivers
S_0x100f09860 .scope task, "check" "check" 5 12, 5 12 0, S_0x100f08a60;
 .timescale -9 -12;
v0x100f13bc0_0 .var "exp", 0 0;
v0x100f13c60_0 .var "got", 0 0;
v0xa7ac58000_0 .var "label", 255 0;
TD_tb_nand1.check ;
    %load/vec4 v0x100f13c60_0;
    %load/vec4 v0x100f13bc0_0;
    %cmp/ne;
    %jmp/0xz  T_0.0, 6;
    %vpi_call/w 5 18 "$display", "FAIL: %s | got=%b exp=%b", v0xa7ac58000_0, v0x100f13c60_0, v0x100f13bc0_0 {0 0 0};
    %load/vec4 v0xa7ac58460_0;
    %addi 1, 0, 32;
    %store/vec4 v0xa7ac58460_0, 0, 32;
    %jmp T_0.1;
T_0.0 ;
    %vpi_call/w 5 21 "$display", "PASS: %s", v0xa7ac58000_0 {0 0 0};
T_0.1 ;
    %end;
S_0x100f13d00 .scope module, "dut" "nand1" 5 10, 4 12 0, S_0x100f08a60;
 .timescale -9 -12;
    .port_info 0 /INPUT 1 "a";
    .port_info 1 /INPUT 1 "b";
    .port_info 2 /OUTPUT 1 "y";
L_0x100f06d60 .functor AND 1, v0xa7ac58320_0, v0xa7ac583c0_0, C4<1>, C4<1>;
L_0x100f14ba0 .functor NOT 1, L_0x100f06d60, C4<0>, C4<0>, C4<0>;
v0xa7ac580a0_0 .net *"_ivl_0", 0 0, L_0x100f06d60;  1 drivers
v0xa7ac58140_0 .net "a", 0 0, v0xa7ac58320_0;  1 drivers
v0xa7ac581e0_0 .net "b", 0 0, v0xa7ac583c0_0;  1 drivers
v0xa7ac58280_0 .net "y", 0 0, L_0x100f14ba0;  alias, 1 drivers
    .scope S_0x100f08a60;
T_1 ;
    %pushi/vec4 0, 0, 32;
    %store/vec4 v0xa7ac58460_0, 0, 32;
    %vpi_call/w 5 29 "$dumpfile", "waves/nand1.vcd" {0 0 0};
    %vpi_call/w 5 30 "$dumpvars", 32'sb00000000000000000000000000000000, S_0x100f08a60 {0 0 0};
    %pushi/vec4 0, 0, 1;
    %store/vec4 v0xa7ac58320_0, 0, 1;
    %pushi/vec4 0, 0, 1;
    %store/vec4 v0xa7ac583c0_0, 0, 1;
    %delay 5000, 0;
    %pushi/vec4 0, 0, 32; draw_string_vec4
    %pushi/vec4 0, 0, 32; draw_string_vec4
    %concat/vec4; draw_string_vec4
    %pushi/vec4 0, 0, 32; draw_string_vec4
    %concat/vec4; draw_string_vec4
    %pushi/vec4 0, 0, 32; draw_string_vec4
    %concat/vec4; draw_string_vec4
    %pushi/vec4 0, 0, 32; draw_string_vec4
    %concat/vec4; draw_string_vec4
    %pushi/vec4 0, 0, 32; draw_string_vec4
    %concat/vec4; draw_string_vec4
    %pushi/vec4 1312902724, 0, 32; draw_string_vec4
    %concat/vec4; draw_string_vec4
    %pushi/vec4 540027952, 0, 32; draw_string_vec4
    %concat/vec4; draw_string_vec4
    %store/vec4 v0xa7ac58000_0, 0, 256;
    %load/vec4 v0xa7ac58500_0;
    %store/vec4 v0x100f13c60_0, 0, 1;
    %pushi/vec4 1, 0, 1;
    %store/vec4 v0x100f13bc0_0, 0, 1;
    %fork TD_tb_nand1.check, S_0x100f09860;
    %join;
    %pushi/vec4 0, 0, 1;
    %store/vec4 v0xa7ac58320_0, 0, 1;
    %pushi/vec4 1, 0, 1;
    %store/vec4 v0xa7ac583c0_0, 0, 1;
    %delay 5000, 0;
    %pushi/vec4 0, 0, 32; draw_string_vec4
    %pushi/vec4 0, 0, 32; draw_string_vec4
    %concat/vec4; draw_string_vec4
    %pushi/vec4 0, 0, 32; draw_string_vec4
    %concat/vec4; draw_string_vec4
    %pushi/vec4 0, 0, 32; draw_string_vec4
    %concat/vec4; draw_string_vec4
    %pushi/vec4 0, 0, 32; draw_string_vec4
    %concat/vec4; draw_string_vec4
    %pushi/vec4 0, 0, 32; draw_string_vec4
    %concat/vec4; draw_string_vec4
    %pushi/vec4 1312902724, 0, 32; draw_string_vec4
    %concat/vec4; draw_string_vec4
    %pushi/vec4 540027953, 0, 32; draw_string_vec4
    %concat/vec4; draw_string_vec4
    %store/vec4 v0xa7ac58000_0, 0, 256;
    %load/vec4 v0xa7ac58500_0;
    %store/vec4 v0x100f13c60_0, 0, 1;
    %pushi/vec4 1, 0, 1;
    %store/vec4 v0x100f13bc0_0, 0, 1;
    %fork TD_tb_nand1.check, S_0x100f09860;
    %join;
    %pushi/vec4 1, 0, 1;
    %store/vec4 v0xa7ac58320_0, 0, 1;
    %pushi/vec4 0, 0, 1;
    %store/vec4 v0xa7ac583c0_0, 0, 1;
    %delay 5000, 0;
    %pushi/vec4 0, 0, 32; draw_string_vec4
    %pushi/vec4 0, 0, 32; draw_string_vec4
    %concat/vec4; draw_string_vec4
    %pushi/vec4 0, 0, 32; draw_string_vec4
    %concat/vec4; draw_string_vec4
    %pushi/vec4 0, 0, 32; draw_string_vec4
    %concat/vec4; draw_string_vec4
    %pushi/vec4 0, 0, 32; draw_string_vec4
    %concat/vec4; draw_string_vec4
    %pushi/vec4 0, 0, 32; draw_string_vec4
    %concat/vec4; draw_string_vec4
    %pushi/vec4 1312902724, 0, 32; draw_string_vec4
    %concat/vec4; draw_string_vec4
    %pushi/vec4 540093488, 0, 32; draw_string_vec4
    %concat/vec4; draw_string_vec4
    %store/vec4 v0xa7ac58000_0, 0, 256;
    %load/vec4 v0xa7ac58500_0;
    %store/vec4 v0x100f13c60_0, 0, 1;
    %pushi/vec4 1, 0, 1;
    %store/vec4 v0x100f13bc0_0, 0, 1;
    %fork TD_tb_nand1.check, S_0x100f09860;
    %join;
    %pushi/vec4 1, 0, 1;
    %store/vec4 v0xa7ac58320_0, 0, 1;
    %pushi/vec4 1, 0, 1;
    %store/vec4 v0xa7ac583c0_0, 0, 1;
    %delay 5000, 0;
    %pushi/vec4 0, 0, 32; draw_string_vec4
    %pushi/vec4 0, 0, 32; draw_string_vec4
    %concat/vec4; draw_string_vec4
    %pushi/vec4 0, 0, 32; draw_string_vec4
    %concat/vec4; draw_string_vec4
    %pushi/vec4 0, 0, 32; draw_string_vec4
    %concat/vec4; draw_string_vec4
    %pushi/vec4 0, 0, 32; draw_string_vec4
    %concat/vec4; draw_string_vec4
    %pushi/vec4 0, 0, 32; draw_string_vec4
    %concat/vec4; draw_string_vec4
    %pushi/vec4 1312902724, 0, 32; draw_string_vec4
    %concat/vec4; draw_string_vec4
    %pushi/vec4 540093489, 0, 32; draw_string_vec4
    %concat/vec4; draw_string_vec4
    %store/vec4 v0xa7ac58000_0, 0, 256;
    %load/vec4 v0xa7ac58500_0;
    %store/vec4 v0x100f13c60_0, 0, 1;
    %pushi/vec4 0, 0, 1;
    %store/vec4 v0x100f13bc0_0, 0, 1;
    %fork TD_tb_nand1.check, S_0x100f09860;
    %join;
    %load/vec4 v0xa7ac58460_0;
    %cmpi/e 0, 0, 32;
    %jmp/0xz  T_1.0, 4;
    %vpi_call/w 5 37 "$display", "NAND1: ALL TESTS PASSED \342\234\205" {0 0 0};
    %jmp T_1.1;
T_1.0 ;
    %vpi_call/w 5 38 "$display", "NAND1: FAILED \342\235\214 errors=%0d", v0xa7ac58460_0 {0 0 0};
T_1.1 ;
    %delay 5000, 0;
    %vpi_call/w 5 40 "$finish" {0 0 0};
    %end;
    .thread T_1;
# The file index is used to find the file name in the following table.
:file_names 6;
    "N/A";
    "<interactive>";
    "-";
    "verilog/ashift4_step1.v";
    "verilog/gates_step1.v";
    "tests/tb_nand1.v";
