#! /opt/homebrew/Cellar/icarus-verilog/12.0/bin/vvp
:ivl_version "12.0 (stable)";
:ivl_delay_selection "TYPICAL";
:vpi_time_precision - 12;
:vpi_module "/opt/homebrew/Cellar/icarus-verilog/12.0/lib/ivl/system.vpi";
:vpi_module "/opt/homebrew/Cellar/icarus-verilog/12.0/lib/ivl/vhdl_sys.vpi";
:vpi_module "/opt/homebrew/Cellar/icarus-verilog/12.0/lib/ivl/vhdl_textio.vpi";
:vpi_module "/opt/homebrew/Cellar/icarus-verilog/12.0/lib/ivl/v2005_math.vpi";
:vpi_module "/opt/homebrew/Cellar/icarus-verilog/12.0/lib/ivl/va_math.vpi";
:vpi_module "/opt/homebrew/Cellar/icarus-verilog/12.0/lib/ivl/v2009.vpi";
S_0x100b92330 .scope package, "$unit" "$unit" 2 1;
 .timescale 0 0;
S_0x100b924b0 .scope module, "ashift4_by1" "ashift4_by1" 3 6;
 .timescale -9 -12;
    .port_info 0 /INPUT 4 "a";
    .port_info 1 /OUTPUT 4 "y";
v0x100b90be0_0 .net *"_ivl_1", 0 0, L_0x100b9c6c0;  1 drivers
v0x100b90c80_0 .net *"_ivl_3", 2 0, L_0x100b91940;  1 drivers
o0x97c820070 .functor BUFZ 4, C4<zzzz>; HiZ drive
v0x100b8ff50_0 .net "a", 3 0, o0x97c820070;  0 drivers
v0x100b8fff0_0 .net "y", 3 0, L_0x100b9bde0;  1 drivers
L_0x100b9c6c0 .part o0x97c820070, 3, 1;
L_0x100b91940 .part o0x97c820070, 1, 3;
L_0x100b9bde0 .concat [ 3 1 0 0], L_0x100b91940, L_0x100b9c6c0;
S_0x100b8ea60 .scope module, "nand1" "nand1" 4 12;
 .timescale -9 -12;
    .port_info 0 /INPUT 1 "a";
    .port_info 1 /INPUT 1 "b";
    .port_info 2 /OUTPUT 1 "y";
o0x97c820160 .functor BUFZ 1, C4<z>; HiZ drive
o0x97c820190 .functor BUFZ 1, C4<z>; HiZ drive
L_0x100b919e0 .functor AND 1, o0x97c820160, o0x97c820190, C4<1>, C4<1>;
L_0x100b9c760 .functor NOT 1, L_0x100b919e0, C4<0>, C4<0>, C4<0>;
v0x100b90090_0 .net *"_ivl_0", 0 0, L_0x100b919e0;  1 drivers
v0x100b90130_0 .net "a", 0 0, o0x97c820160;  0 drivers
v0x100b901d0_0 .net "b", 0 0, o0x97c820190;  0 drivers
v0x100b91720_0 .net "y", 0 0, L_0x100b9c760;  1 drivers
S_0x100b8ebe0 .scope module, "not1" "not1" 4 4;
 .timescale -9 -12;
    .port_info 0 /INPUT 1 "a";
    .port_info 1 /OUTPUT 1 "y";
o0x97c820280 .functor BUFZ 1, C4<z>; HiZ drive
L_0x100b9c7d0 .functor NOT 1, o0x97c820280, C4<0>, C4<0>, C4<0>;
v0x97d068000_0 .net "a", 0 0, o0x97c820280;  0 drivers
v0x97d0680a0_0 .net "y", 0 0, L_0x100b9c7d0;  1 drivers
S_0x100b90a60 .scope module, "tb_nor1" "tb_nor1" 5 3;
 .timescale -9 -12;
v0x97d0685a0_0 .var "a", 0 0;
v0x97d068640_0 .var "b", 0 0;
v0x97d0686e0_0 .var/i "errors", 31 0;
v0x97d068780_0 .net "y", 0 0, L_0x100b8f1a0;  1 drivers
S_0x100b917c0 .scope task, "check" "check" 5 12, 5 12 0, S_0x100b90a60;
 .timescale -9 -12;
v0x97d068140_0 .var "exp", 0 0;
v0x97d0681e0_0 .var "got", 0 0;
v0x97d068280_0 .var "label", 255 0;
TD_tb_nor1.check ;
    %load/vec4 v0x97d0681e0_0;
    %load/vec4 v0x97d068140_0;
    %cmp/ne;
    %jmp/0xz  T_0.0, 6;
    %vpi_call/w 5 18 "$display", "FAIL: %s | got=%b exp=%b", v0x97d068280_0, v0x97d0681e0_0, v0x97d068140_0 {0 0 0};
    %load/vec4 v0x97d0686e0_0;
    %addi 1, 0, 32;
    %store/vec4 v0x97d0686e0_0, 0, 32;
    %jmp T_0.1;
T_0.0 ;
    %vpi_call/w 5 21 "$display", "PASS: %s", v0x97d068280_0 {0 0 0};
T_0.1 ;
    %end;
S_0x100b9c540 .scope module, "dut" "nor1" 5 10, 4 21 0, S_0x100b90a60;
 .timescale -9 -12;
    .port_info 0 /INPUT 1 "a";
    .port_info 1 /INPUT 1 "b";
    .port_info 2 /OUTPUT 1 "y";
L_0x100b8ed60 .functor OR 1, v0x97d0685a0_0, v0x97d068640_0, C4<0>, C4<0>;
L_0x100b8f1a0 .functor NOT 1, L_0x100b8ed60, C4<0>, C4<0>, C4<0>;
v0x97d068320_0 .net *"_ivl_0", 0 0, L_0x100b8ed60;  1 drivers
v0x97d0683c0_0 .net "a", 0 0, v0x97d0685a0_0;  1 drivers
v0x97d068460_0 .net "b", 0 0, v0x97d068640_0;  1 drivers
v0x97d068500_0 .net "y", 0 0, L_0x100b8f1a0;  alias, 1 drivers
    .scope S_0x100b90a60;
T_1 ;
    %pushi/vec4 0, 0, 32;
    %store/vec4 v0x97d0686e0_0, 0, 32;
    %vpi_call/w 5 29 "$dumpfile", "waves/nor1.vcd" {0 0 0};
    %vpi_call/w 5 30 "$dumpvars", 32'sb00000000000000000000000000000000, S_0x100b90a60 {0 0 0};
    %pushi/vec4 0, 0, 1;
    %store/vec4 v0x97d0685a0_0, 0, 1;
    %pushi/vec4 0, 0, 1;
    %store/vec4 v0x97d068640_0, 0, 1;
    %delay 5000, 0;
    %pushi/vec4 0, 0, 32; draw_string_vec4
    %pushi/vec4 0, 0, 32; draw_string_vec4
    %concat/vec4; draw_string_vec4
    %pushi/vec4 0, 0, 32; draw_string_vec4
    %concat/vec4; draw_string_vec4
    %pushi/vec4 0, 0, 32; draw_string_vec4
    %concat/vec4; draw_string_vec4
    %pushi/vec4 0, 0, 32; draw_string_vec4
    %concat/vec4; draw_string_vec4
    %pushi/vec4 0, 0, 32; draw_string_vec4
    %concat/vec4; draw_string_vec4
    %pushi/vec4 5132114, 0, 32; draw_string_vec4
    %concat/vec4; draw_string_vec4
    %pushi/vec4 540027952, 0, 32; draw_string_vec4
    %concat/vec4; draw_string_vec4
    %store/vec4 v0x97d068280_0, 0, 256;
    %load/vec4 v0x97d068780_0;
    %store/vec4 v0x97d0681e0_0, 0, 1;
    %pushi/vec4 1, 0, 1;
    %store/vec4 v0x97d068140_0, 0, 1;
    %fork TD_tb_nor1.check, S_0x100b917c0;
    %join;
    %pushi/vec4 0, 0, 1;
    %store/vec4 v0x97d0685a0_0, 0, 1;
    %pushi/vec4 1, 0, 1;
    %store/vec4 v0x97d068640_0, 0, 1;
    %delay 5000, 0;
    %pushi/vec4 0, 0, 32; draw_string_vec4
    %pushi/vec4 0, 0, 32; draw_string_vec4
    %concat/vec4; draw_string_vec4
    %pushi/vec4 0, 0, 32; draw_string_vec4
    %concat/vec4; draw_string_vec4
    %pushi/vec4 0, 0, 32; draw_string_vec4
    %concat/vec4; draw_string_vec4
    %pushi/vec4 0, 0, 32; draw_string_vec4
    %concat/vec4; draw_string_vec4
    %pushi/vec4 0, 0, 32; draw_string_vec4
    %concat/vec4; draw_string_vec4
    %pushi/vec4 5132114, 0, 32; draw_string_vec4
    %concat/vec4; draw_string_vec4
    %pushi/vec4 540027953, 0, 32; draw_string_vec4
    %concat/vec4; draw_string_vec4
    %store/vec4 v0x97d068280_0, 0, 256;
    %load/vec4 v0x97d068780_0;
    %store/vec4 v0x97d0681e0_0, 0, 1;
    %pushi/vec4 0, 0, 1;
    %store/vec4 v0x97d068140_0, 0, 1;
    %fork TD_tb_nor1.check, S_0x100b917c0;
    %join;
    %pushi/vec4 1, 0, 1;
    %store/vec4 v0x97d0685a0_0, 0, 1;
    %pushi/vec4 0, 0, 1;
    %store/vec4 v0x97d068640_0, 0, 1;
    %delay 5000, 0;
    %pushi/vec4 0, 0, 32; draw_string_vec4
    %pushi/vec4 0, 0, 32; draw_string_vec4
    %concat/vec4; draw_string_vec4
    %pushi/vec4 0, 0, 32; draw_string_vec4
    %concat/vec4; draw_string_vec4
    %pushi/vec4 0, 0, 32; draw_string_vec4
    %concat/vec4; draw_string_vec4
    %pushi/vec4 0, 0, 32; draw_string_vec4
    %concat/vec4; draw_string_vec4
    %pushi/vec4 0, 0, 32; draw_string_vec4
    %concat/vec4; draw_string_vec4
    %pushi/vec4 5132114, 0, 32; draw_string_vec4
    %concat/vec4; draw_string_vec4
    %pushi/vec4 540093488, 0, 32; draw_string_vec4
    %concat/vec4; draw_string_vec4
    %store/vec4 v0x97d068280_0, 0, 256;
    %load/vec4 v0x97d068780_0;
    %store/vec4 v0x97d0681e0_0, 0, 1;
    %pushi/vec4 0, 0, 1;
    %store/vec4 v0x97d068140_0, 0, 1;
    %fork TD_tb_nor1.check, S_0x100b917c0;
    %join;
    %pushi/vec4 1, 0, 1;
    %store/vec4 v0x97d0685a0_0, 0, 1;
    %pushi/vec4 1, 0, 1;
    %store/vec4 v0x97d068640_0, 0, 1;
    %delay 5000, 0;
    %pushi/vec4 0, 0, 32; draw_string_vec4
    %pushi/vec4 0, 0, 32; draw_string_vec4
    %concat/vec4; draw_string_vec4
    %pushi/vec4 0, 0, 32; draw_string_vec4
    %concat/vec4; draw_string_vec4
    %pushi/vec4 0, 0, 32; draw_string_vec4
    %concat/vec4; draw_string_vec4
    %pushi/vec4 0, 0, 32; draw_string_vec4
    %concat/vec4; draw_string_vec4
    %pushi/vec4 0, 0, 32; draw_string_vec4
    %concat/vec4; draw_string_vec4
    %pushi/vec4 5132114, 0, 32; draw_string_vec4
    %concat/vec4; draw_string_vec4
    %pushi/vec4 540093489, 0, 32; draw_string_vec4
    %concat/vec4; draw_string_vec4
    %store/vec4 v0x97d068280_0, 0, 256;
    %load/vec4 v0x97d068780_0;
    %store/vec4 v0x97d0681e0_0, 0, 1;
    %pushi/vec4 0, 0, 1;
    %store/vec4 v0x97d068140_0, 0, 1;
    %fork TD_tb_nor1.check, S_0x100b917c0;
    %join;
    %load/vec4 v0x97d0686e0_0;
    %cmpi/e 0, 0, 32;
    %jmp/0xz  T_1.0, 4;
    %vpi_call/w 5 37 "$display", "NOR1: ALL TESTS PASSED \342\234\205" {0 0 0};
    %jmp T_1.1;
T_1.0 ;
    %vpi_call/w 5 38 "$display", "NOR1: FAILED \342\235\214 errors=%0d", v0x97d0686e0_0 {0 0 0};
T_1.1 ;
    %delay 5000, 0;
    %vpi_call/w 5 40 "$finish" {0 0 0};
    %end;
    .thread T_1;
# The file index is used to find the file name in the following table.
:file_names 6;
    "N/A";
    "<interactive>";
    "-";
    "verilog/ashift4_step1.v";
    "verilog/gates_step1.v";
    "tests/tb_nor1.v";
