#! /opt/homebrew/Cellar/icarus-verilog/12.0/bin/vvp
:ivl_version "12.0 (stable)";
:ivl_delay_selection "TYPICAL";
:vpi_time_precision - 12;
:vpi_module "/opt/homebrew/Cellar/icarus-verilog/12.0/lib/ivl/system.vpi";
:vpi_module "/opt/homebrew/Cellar/icarus-verilog/12.0/lib/ivl/vhdl_sys.vpi";
:vpi_module "/opt/homebrew/Cellar/icarus-verilog/12.0/lib/ivl/vhdl_textio.vpi";
:vpi_module "/opt/homebrew/Cellar/icarus-verilog/12.0/lib/ivl/v2005_math.vpi";
:vpi_module "/opt/homebrew/Cellar/icarus-verilog/12.0/lib/ivl/va_math.vpi";
:vpi_module "/opt/homebrew/Cellar/icarus-verilog/12.0/lib/ivl/v2009.vpi";
S_0x100ecde40 .scope package, "$unit" "$unit" 2 1;
 .timescale 0 0;
S_0x100ecdfc0 .scope module, "ashift4_by1" "ashift4_by1" 3 6;
 .timescale -9 -12;
    .port_info 0 /INPUT 4 "a";
    .port_info 1 /OUTPUT 4 "y";
v0x100eccbe0_0 .net *"_ivl_1", 0 0, L_0x100ed6210;  1 drivers
v0x100eccc80_0 .net *"_ivl_3", 2 0, L_0x100ed6920;  1 drivers
o0x8b8410070 .functor BUFZ 4, C4<zzzz>; HiZ drive
v0x100ecbf50_0 .net "a", 3 0, o0x8b8410070;  0 drivers
v0x100ecbff0_0 .net "y", 3 0, L_0x8b8c485a0;  1 drivers
L_0x100ed6210 .part o0x8b8410070, 3, 1;
L_0x100ed6920 .part o0x8b8410070, 1, 3;
L_0x8b8c485a0 .concat [ 3 1 0 0], L_0x100ed6920, L_0x100ed6210;
S_0x100ecaa60 .scope module, "nand1" "nand1" 4 12;
 .timescale -9 -12;
    .port_info 0 /INPUT 1 "a";
    .port_info 1 /INPUT 1 "b";
    .port_info 2 /OUTPUT 1 "y";
o0x8b8410160 .functor BUFZ 1, C4<z>; HiZ drive
o0x8b8410190 .functor BUFZ 1, C4<z>; HiZ drive
L_0x100ed62b0 .functor AND 1, o0x8b8410160, o0x8b8410190, C4<1>, C4<1>;
L_0x100ed69c0 .functor NOT 1, L_0x100ed62b0, C4<0>, C4<0>, C4<0>;
v0x100ecc090_0 .net *"_ivl_0", 0 0, L_0x100ed62b0;  1 drivers
v0x100ecc130_0 .net "a", 0 0, o0x8b8410160;  0 drivers
v0x100ecc1d0_0 .net "b", 0 0, o0x8b8410190;  0 drivers
v0x100ecd3a0_0 .net "y", 0 0, L_0x100ed69c0;  1 drivers
S_0x100ecabe0 .scope module, "nor1" "nor1" 4 21;
 .timescale -9 -12;
    .port_info 0 /INPUT 1 "a";
    .port_info 1 /INPUT 1 "b";
    .port_info 2 /OUTPUT 1 "y";
o0x8b84102b0 .functor BUFZ 1, C4<z>; HiZ drive
o0x8b84102e0 .functor BUFZ 1, C4<z>; HiZ drive
L_0x100ed6a30 .functor OR 1, o0x8b84102b0, o0x8b84102e0, C4<0>, C4<0>;
L_0x100ecd620 .functor NOT 1, L_0x100ed6a30, C4<0>, C4<0>, C4<0>;
v0x100ecd440_0 .net *"_ivl_0", 0 0, L_0x100ed6a30;  1 drivers
v0x100ecd4e0_0 .net "a", 0 0, o0x8b84102b0;  0 drivers
v0x100ecd580_0 .net "b", 0 0, o0x8b84102e0;  0 drivers
v0x8b8c48000_0 .net "y", 0 0, L_0x100ecd620;  1 drivers
S_0x100ecca60 .scope module, "tb_not1" "tb_not1" 5 3;
 .timescale -9 -12;
v0x8b8c483c0_0 .var "a", 0 0;
v0x8b8c48460_0 .var/i "errors", 31 0;
v0x8b8c48500_0 .net "y", 0 0, L_0x100ecd690;  1 drivers
S_0x100ed67a0 .scope task, "check" "check" 5 12, 5 12 0, S_0x100ecca60;
 .timescale -9 -12;
v0x8b8c480a0_0 .var "exp", 0 0;
v0x8b8c48140_0 .var "got", 0 0;
v0x8b8c481e0_0 .var "label", 255 0;
TD_tb_not1.check ;
    %load/vec4 v0x8b8c48140_0;
    %load/vec4 v0x8b8c480a0_0;
    %cmp/ne;
    %jmp/0xz  T_0.0, 6;
    %vpi_call/w 5 18 "$display", "FAIL: %s | got=%b exp=%b", v0x8b8c481e0_0, v0x8b8c48140_0, v0x8b8c480a0_0 {0 0 0};
    %load/vec4 v0x8b8c48460_0;
    %addi 1, 0, 32;
    %store/vec4 v0x8b8c48460_0, 0, 32;
    %jmp T_0.1;
T_0.0 ;
    %vpi_call/w 5 21 "$display", "PASS: %s", v0x8b8c481e0_0 {0 0 0};
T_0.1 ;
    %end;
S_0x100ed6040 .scope module, "dut" "not1" 5 10, 4 4 0, S_0x100ecca60;
 .timescale -9 -12;
    .port_info 0 /INPUT 1 "a";
    .port_info 1 /OUTPUT 1 "y";
L_0x100ecd690 .functor NOT 1, v0x8b8c483c0_0, C4<0>, C4<0>, C4<0>;
v0x8b8c48280_0 .net "a", 0 0, v0x8b8c483c0_0;  1 drivers
v0x8b8c48320_0 .net "y", 0 0, L_0x100ecd690;  alias, 1 drivers
    .scope S_0x100ecca60;
T_1 ;
    %pushi/vec4 0, 0, 32;
    %store/vec4 v0x8b8c48460_0, 0, 32;
    %vpi_call/w 5 29 "$dumpfile", "waves/not1.vcd" {0 0 0};
    %vpi_call/w 5 30 "$dumpvars", 32'sb00000000000000000000000000000000, S_0x100ecca60 {0 0 0};
    %pushi/vec4 0, 0, 1;
    %store/vec4 v0x8b8c483c0_0, 0, 1;
    %delay 5000, 0;
    %pushi/vec4 0, 0, 32; draw_string_vec4
    %pushi/vec4 0, 0, 32; draw_string_vec4
    %concat/vec4; draw_string_vec4
    %pushi/vec4 0, 0, 32; draw_string_vec4
    %concat/vec4; draw_string_vec4
    %pushi/vec4 0, 0, 32; draw_string_vec4
    %concat/vec4; draw_string_vec4
    %pushi/vec4 0, 0, 32; draw_string_vec4
    %concat/vec4; draw_string_vec4
    %pushi/vec4 0, 0, 32; draw_string_vec4
    %concat/vec4; draw_string_vec4
    %pushi/vec4 5132116, 0, 32; draw_string_vec4
    %concat/vec4; draw_string_vec4
    %pushi/vec4 543243568, 0, 32; draw_string_vec4
    %concat/vec4; draw_string_vec4
    %store/vec4 v0x8b8c481e0_0, 0, 256;
    %load/vec4 v0x8b8c48500_0;
    %store/vec4 v0x8b8c48140_0, 0, 1;
    %pushi/vec4 1, 0, 1;
    %store/vec4 v0x8b8c480a0_0, 0, 1;
    %fork TD_tb_not1.check, S_0x100ed67a0;
    %join;
    %pushi/vec4 1, 0, 1;
    %store/vec4 v0x8b8c483c0_0, 0, 1;
    %delay 5000, 0;
    %pushi/vec4 0, 0, 32; draw_string_vec4
    %pushi/vec4 0, 0, 32; draw_string_vec4
    %concat/vec4; draw_string_vec4
    %pushi/vec4 0, 0, 32; draw_string_vec4
    %concat/vec4; draw_string_vec4
    %pushi/vec4 0, 0, 32; draw_string_vec4
    %concat/vec4; draw_string_vec4
    %pushi/vec4 0, 0, 32; draw_string_vec4
    %concat/vec4; draw_string_vec4
    %pushi/vec4 0, 0, 32; draw_string_vec4
    %concat/vec4; draw_string_vec4
    %pushi/vec4 5132116, 0, 32; draw_string_vec4
    %concat/vec4; draw_string_vec4
    %pushi/vec4 543243569, 0, 32; draw_string_vec4
    %concat/vec4; draw_string_vec4
    %store/vec4 v0x8b8c481e0_0, 0, 256;
    %load/vec4 v0x8b8c48500_0;
    %store/vec4 v0x8b8c48140_0, 0, 1;
    %pushi/vec4 0, 0, 1;
    %store/vec4 v0x8b8c480a0_0, 0, 1;
    %fork TD_tb_not1.check, S_0x100ed67a0;
    %join;
    %load/vec4 v0x8b8c48460_0;
    %cmpi/e 0, 0, 32;
    %jmp/0xz  T_1.0, 4;
    %vpi_call/w 5 35 "$display", "NOT1: ALL TESTS PASSED \342\234\205" {0 0 0};
    %jmp T_1.1;
T_1.0 ;
    %vpi_call/w 5 36 "$display", "NOT1: FAILED \342\235\214 errors=%0d", v0x8b8c48460_0 {0 0 0};
T_1.1 ;
    %delay 5000, 0;
    %vpi_call/w 5 38 "$finish" {0 0 0};
    %end;
    .thread T_1;
# The file index is used to find the file name in the following table.
:file_names 6;
    "N/A";
    "<interactive>";
    "-";
    "verilog/ashift4_step1.v";
    "verilog/gates_step1.v";
    "tests/tb_not1.v";
