#! /opt/homebrew/Cellar/icarus-verilog/12.0/bin/vvp
:ivl_version "12.0 (stable)";
:ivl_delay_selection "TYPICAL";
:vpi_time_precision - 12;
:vpi_module "/opt/homebrew/Cellar/icarus-verilog/12.0/lib/ivl/system.vpi";
:vpi_module "/opt/homebrew/Cellar/icarus-verilog/12.0/lib/ivl/vhdl_sys.vpi";
:vpi_module "/opt/homebrew/Cellar/icarus-verilog/12.0/lib/ivl/vhdl_textio.vpi";
:vpi_module "/opt/homebrew/Cellar/icarus-verilog/12.0/lib/ivl/v2005_math.vpi";
:vpi_module "/opt/homebrew/Cellar/icarus-verilog/12.0/lib/ivl/va_math.vpi";
:vpi_module "/opt/homebrew/Cellar/icarus-verilog/12.0/lib/ivl/v2009.vpi";
S_0xba0c44000 .scope package, "$unit" "$unit" 2 1;
 .timescale 0 0;
S_0xba0c44180 .scope module, "tb_step1" "tb_step1" 3 3;
 .timescale -9 -12;
v0xba107c3c0_0 .var "A", 3 0;
v0xba107c460_0 .net "Y", 3 0, L_0xba107c8c0;  1 drivers
v0xba107c500_0 .var "a", 0 0;
v0xba107c5a0_0 .var "b", 0 0;
v0xba107c640_0 .var/i "errors", 31 0;
v0xba107c6e0_0 .net "y_nand", 0 0, L_0x103296450;  1 drivers
v0xba107c780_0 .net "y_nor", 0 0, L_0x103296530;  1 drivers
v0xba107c820_0 .net "y_not", 0 0, L_0x103296370;  1 drivers
S_0xba0c44300 .scope task, "check" "check" 3 22, 3 22 0, S_0xba0c44180;
 .timescale -9 -12;
v0x103297610_0 .var "exp", 31 0;
v0x1032976b0_0 .var "got", 31 0;
v0x103297750_0 .var "label", 255 0;
TD_tb_step1.check ;
    %load/vec4 v0x1032976b0_0;
    %load/vec4 v0x103297610_0;
    %cmp/ne;
    %jmp/0xz  T_0.0, 6;
    %vpi_call/w 3 28 "$display", "FAIL: %s | got=%0d (0x%0h) exp=%0d (0x%0h)", v0x103297750_0, v0x1032976b0_0, v0x1032976b0_0, v0x103297610_0, v0x103297610_0 {0 0 0};
    %load/vec4 v0xba107c640_0;
    %addi 1, 0, 32;
    %store/vec4 v0xba107c640_0, 0, 32;
    %jmp T_0.1;
T_0.0 ;
    %vpi_call/w 3 32 "$display", "PASS: %s", v0x103297750_0 {0 0 0};
T_0.1 ;
    %end;
S_0xba0c44480 .scope module, "u_nand" "nand1" 3 17, 4 12 0, S_0xba0c44180;
 .timescale -9 -12;
    .port_info 0 /INPUT 1 "a";
    .port_info 1 /INPUT 1 "b";
    .port_info 2 /OUTPUT 1 "y";
L_0x1032963e0 .functor AND 1, v0xba107c500_0, v0xba107c5a0_0, C4<1>, C4<1>;
L_0x103296450 .functor NOT 1, L_0x1032963e0, C4<0>, C4<0>, C4<0>;
v0x103297840_0 .net *"_ivl_0", 0 0, L_0x1032963e0;  1 drivers
v0x103294b40_0 .net "a", 0 0, v0xba107c500_0;  1 drivers
v0x103294be0_0 .net "b", 0 0, v0xba107c5a0_0;  1 drivers
v0x103294c80_0 .net "y", 0 0, L_0x103296450;  alias, 1 drivers
S_0xba0c44600 .scope module, "u_nor" "nor1" 3 18, 4 21 0, S_0xba0c44180;
 .timescale -9 -12;
    .port_info 0 /INPUT 1 "a";
    .port_info 1 /INPUT 1 "b";
    .port_info 2 /OUTPUT 1 "y";
L_0x1032964c0 .functor OR 1, v0xba107c500_0, v0xba107c5a0_0, C4<0>, C4<0>;
L_0x103296530 .functor NOT 1, L_0x1032964c0, C4<0>, C4<0>, C4<0>;
v0x103294d20_0 .net *"_ivl_0", 0 0, L_0x1032964c0;  1 drivers
v0x103294dc0_0 .net "a", 0 0, v0xba107c500_0;  alias, 1 drivers
v0x103296230_0 .net "b", 0 0, v0xba107c5a0_0;  alias, 1 drivers
v0x1032962d0_0 .net "y", 0 0, L_0x103296530;  alias, 1 drivers
S_0xba0c44780 .scope module, "u_not" "not1" 3 16, 4 4 0, S_0xba0c44180;
 .timescale -9 -12;
    .port_info 0 /INPUT 1 "a";
    .port_info 1 /OUTPUT 1 "y";
L_0x103296370 .functor NOT 1, v0xba107c500_0, C4<0>, C4<0>, C4<0>;
v0xba107c000_0 .net "a", 0 0, v0xba107c500_0;  alias, 1 drivers
v0xba107c0a0_0 .net "y", 0 0, L_0x103296370;  alias, 1 drivers
S_0xba0c44900 .scope module, "u_shft" "ashift4_by1" 3 19, 5 6 0, S_0xba0c44180;
 .timescale -9 -12;
    .port_info 0 /INPUT 4 "a";
    .port_info 1 /OUTPUT 4 "y";
v0xba107c140_0 .net *"_ivl_1", 0 0, L_0x103295580;  1 drivers
v0xba107c1e0_0 .net *"_ivl_3", 2 0, L_0x103295620;  1 drivers
v0xba107c280_0 .net "a", 3 0, v0xba107c3c0_0;  1 drivers
v0xba107c320_0 .net "y", 3 0, L_0xba107c8c0;  alias, 1 drivers
L_0x103295580 .part v0xba107c3c0_0, 3, 1;
L_0x103295620 .part v0xba107c3c0_0, 1, 3;
L_0xba107c8c0 .concat [ 3 1 0 0], L_0x103295620, L_0x103295580;
    .scope S_0xba0c44180;
T_1 ;
    %pushi/vec4 0, 0, 32;
    %store/vec4 v0xba107c640_0, 0, 32;
    %vpi_call/w 3 41 "$dumpfile", "waves/step1.vcd" {0 0 0};
    %vpi_call/w 3 42 "$dumpvars", 32'sb00000000000000000000000000000000, S_0xba0c44180 {0 0 0};
    %vpi_call/w 3 47 "$display", "\012=== Testing NOT ===" {0 0 0};
    %pushi/vec4 0, 0, 1;
    %store/vec4 v0xba107c500_0, 0, 1;
    %delay 1000, 0;
    %pushi/vec4 0, 0, 32; draw_string_vec4
    %pushi/vec4 0, 0, 32; draw_string_vec4
    %concat/vec4; draw_string_vec4
    %pushi/vec4 0, 0, 32; draw_string_vec4
    %concat/vec4; draw_string_vec4
    %pushi/vec4 0, 0, 32; draw_string_vec4
    %concat/vec4; draw_string_vec4
    %pushi/vec4 0, 0, 32; draw_string_vec4
    %concat/vec4; draw_string_vec4
    %pushi/vec4 0, 0, 32; draw_string_vec4
    %concat/vec4; draw_string_vec4
    %pushi/vec4 5132116, 0, 32; draw_string_vec4
    %concat/vec4; draw_string_vec4
    %pushi/vec4 543243568, 0, 32; draw_string_vec4
    %concat/vec4; draw_string_vec4
    %store/vec4 v0x103297750_0, 0, 256;
    %load/vec4 v0xba107c820_0;
    %pad/u 32;
    %store/vec4 v0x1032976b0_0, 0, 32;
    %pushi/vec4 1, 0, 32;
    %store/vec4 v0x103297610_0, 0, 32;
    %fork TD_tb_step1.check, S_0xba0c44300;
    %join;
    %pushi/vec4 1, 0, 1;
    %store/vec4 v0xba107c500_0, 0, 1;
    %delay 1000, 0;
    %pushi/vec4 0, 0, 32; draw_string_vec4
    %pushi/vec4 0, 0, 32; draw_string_vec4
    %concat/vec4; draw_string_vec4
    %pushi/vec4 0, 0, 32; draw_string_vec4
    %concat/vec4; draw_string_vec4
    %pushi/vec4 0, 0, 32; draw_string_vec4
    %concat/vec4; draw_string_vec4
    %pushi/vec4 0, 0, 32; draw_string_vec4
    %concat/vec4; draw_string_vec4
    %pushi/vec4 0, 0, 32; draw_string_vec4
    %concat/vec4; draw_string_vec4
    %pushi/vec4 5132116, 0, 32; draw_string_vec4
    %concat/vec4; draw_string_vec4
    %pushi/vec4 543243569, 0, 32; draw_string_vec4
    %concat/vec4; draw_string_vec4
    %store/vec4 v0x103297750_0, 0, 256;
    %load/vec4 v0xba107c820_0;
    %pad/u 32;
    %store/vec4 v0x1032976b0_0, 0, 32;
    %pushi/vec4 0, 0, 32;
    %store/vec4 v0x103297610_0, 0, 32;
    %fork TD_tb_step1.check, S_0xba0c44300;
    %join;
    %vpi_call/w 3 54 "$display", "\012=== Testing NAND ===" {0 0 0};
    %pushi/vec4 0, 0, 1;
    %store/vec4 v0xba107c500_0, 0, 1;
    %pushi/vec4 0, 0, 1;
    %store/vec4 v0xba107c5a0_0, 0, 1;
    %delay 1000, 0;
    %pushi/vec4 0, 0, 32; draw_string_vec4
    %pushi/vec4 0, 0, 32; draw_string_vec4
    %concat/vec4; draw_string_vec4
    %pushi/vec4 0, 0, 32; draw_string_vec4
    %concat/vec4; draw_string_vec4
    %pushi/vec4 0, 0, 32; draw_string_vec4
    %concat/vec4; draw_string_vec4
    %pushi/vec4 0, 0, 32; draw_string_vec4
    %concat/vec4; draw_string_vec4
    %pushi/vec4 0, 0, 32; draw_string_vec4
    %concat/vec4; draw_string_vec4
    %pushi/vec4 1312902724, 0, 32; draw_string_vec4
    %concat/vec4; draw_string_vec4
    %pushi/vec4 540027952, 0, 32; draw_string_vec4
    %concat/vec4; draw_string_vec4
    %store/vec4 v0x103297750_0, 0, 256;
    %load/vec4 v0xba107c6e0_0;
    %pad/u 32;
    %store/vec4 v0x1032976b0_0, 0, 32;
    %pushi/vec4 1, 0, 32;
    %store/vec4 v0x103297610_0, 0, 32;
    %fork TD_tb_step1.check, S_0xba0c44300;
    %join;
    %pushi/vec4 0, 0, 1;
    %store/vec4 v0xba107c500_0, 0, 1;
    %pushi/vec4 1, 0, 1;
    %store/vec4 v0xba107c5a0_0, 0, 1;
    %delay 1000, 0;
    %pushi/vec4 0, 0, 32; draw_string_vec4
    %pushi/vec4 0, 0, 32; draw_string_vec4
    %concat/vec4; draw_string_vec4
    %pushi/vec4 0, 0, 32; draw_string_vec4
    %concat/vec4; draw_string_vec4
    %pushi/vec4 0, 0, 32; draw_string_vec4
    %concat/vec4; draw_string_vec4
    %pushi/vec4 0, 0, 32; draw_string_vec4
    %concat/vec4; draw_string_vec4
    %pushi/vec4 0, 0, 32; draw_string_vec4
    %concat/vec4; draw_string_vec4
    %pushi/vec4 1312902724, 0, 32; draw_string_vec4
    %concat/vec4; draw_string_vec4
    %pushi/vec4 540027953, 0, 32; draw_string_vec4
    %concat/vec4; draw_string_vec4
    %store/vec4 v0x103297750_0, 0, 256;
    %load/vec4 v0xba107c6e0_0;
    %pad/u 32;
    %store/vec4 v0x1032976b0_0, 0, 32;
    %pushi/vec4 1, 0, 32;
    %store/vec4 v0x103297610_0, 0, 32;
    %fork TD_tb_step1.check, S_0xba0c44300;
    %join;
    %pushi/vec4 1, 0, 1;
    %store/vec4 v0xba107c500_0, 0, 1;
    %pushi/vec4 0, 0, 1;
    %store/vec4 v0xba107c5a0_0, 0, 1;
    %delay 1000, 0;
    %pushi/vec4 0, 0, 32; draw_string_vec4
    %pushi/vec4 0, 0, 32; draw_string_vec4
    %concat/vec4; draw_string_vec4
    %pushi/vec4 0, 0, 32; draw_string_vec4
    %concat/vec4; draw_string_vec4
    %pushi/vec4 0, 0, 32; draw_string_vec4
    %concat/vec4; draw_string_vec4
    %pushi/vec4 0, 0, 32; draw_string_vec4
    %concat/vec4; draw_string_vec4
    %pushi/vec4 0, 0, 32; draw_string_vec4
    %concat/vec4; draw_string_vec4
    %pushi/vec4 1312902724, 0, 32; draw_string_vec4
    %concat/vec4; draw_string_vec4
    %pushi/vec4 540093488, 0, 32; draw_string_vec4
    %concat/vec4; draw_string_vec4
    %store/vec4 v0x103297750_0, 0, 256;
    %load/vec4 v0xba107c6e0_0;
    %pad/u 32;
    %store/vec4 v0x1032976b0_0, 0, 32;
    %pushi/vec4 1, 0, 32;
    %store/vec4 v0x103297610_0, 0, 32;
    %fork TD_tb_step1.check, S_0xba0c44300;
    %join;
    %pushi/vec4 1, 0, 1;
    %store/vec4 v0xba107c500_0, 0, 1;
    %pushi/vec4 1, 0, 1;
    %store/vec4 v0xba107c5a0_0, 0, 1;
    %delay 1000, 0;
    %pushi/vec4 0, 0, 32; draw_string_vec4
    %pushi/vec4 0, 0, 32; draw_string_vec4
    %concat/vec4; draw_string_vec4
    %pushi/vec4 0, 0, 32; draw_string_vec4
    %concat/vec4; draw_string_vec4
    %pushi/vec4 0, 0, 32; draw_string_vec4
    %concat/vec4; draw_string_vec4
    %pushi/vec4 0, 0, 32; draw_string_vec4
    %concat/vec4; draw_string_vec4
    %pushi/vec4 0, 0, 32; draw_string_vec4
    %concat/vec4; draw_string_vec4
    %pushi/vec4 1312902724, 0, 32; draw_string_vec4
    %concat/vec4; draw_string_vec4
    %pushi/vec4 540093489, 0, 32; draw_string_vec4
    %concat/vec4; draw_string_vec4
    %store/vec4 v0x103297750_0, 0, 256;
    %load/vec4 v0xba107c6e0_0;
    %pad/u 32;
    %store/vec4 v0x1032976b0_0, 0, 32;
    %pushi/vec4 0, 0, 32;
    %store/vec4 v0x103297610_0, 0, 32;
    %fork TD_tb_step1.check, S_0xba0c44300;
    %join;
    %vpi_call/w 3 63 "$display", "\012=== Testing NOR ===" {0 0 0};
    %pushi/vec4 0, 0, 1;
    %store/vec4 v0xba107c500_0, 0, 1;
    %pushi/vec4 0, 0, 1;
    %store/vec4 v0xba107c5a0_0, 0, 1;
    %delay 1000, 0;
    %pushi/vec4 0, 0, 32; draw_string_vec4
    %pushi/vec4 0, 0, 32; draw_string_vec4
    %concat/vec4; draw_string_vec4
    %pushi/vec4 0, 0, 32; draw_string_vec4
    %concat/vec4; draw_string_vec4
    %pushi/vec4 0, 0, 32; draw_string_vec4
    %concat/vec4; draw_string_vec4
    %pushi/vec4 0, 0, 32; draw_string_vec4
    %concat/vec4; draw_string_vec4
    %pushi/vec4 0, 0, 32; draw_string_vec4
    %concat/vec4; draw_string_vec4
    %pushi/vec4 5132114, 0, 32; draw_string_vec4
    %concat/vec4; draw_string_vec4
    %pushi/vec4 540027952, 0, 32; draw_string_vec4
    %concat/vec4; draw_string_vec4
    %store/vec4 v0x103297750_0, 0, 256;
    %load/vec4 v0xba107c780_0;
    %pad/u 32;
    %store/vec4 v0x1032976b0_0, 0, 32;
    %pushi/vec4 1, 0, 32;
    %store/vec4 v0x103297610_0, 0, 32;
    %fork TD_tb_step1.check, S_0xba0c44300;
    %join;
    %pushi/vec4 0, 0, 1;
    %store/vec4 v0xba107c500_0, 0, 1;
    %pushi/vec4 1, 0, 1;
    %store/vec4 v0xba107c5a0_0, 0, 1;
    %delay 1000, 0;
    %pushi/vec4 0, 0, 32; draw_string_vec4
    %pushi/vec4 0, 0, 32; draw_string_vec4
    %concat/vec4; draw_string_vec4
    %pushi/vec4 0, 0, 32; draw_string_vec4
    %concat/vec4; draw_string_vec4
    %pushi/vec4 0, 0, 32; draw_string_vec4
    %concat/vec4; draw_string_vec4
    %pushi/vec4 0, 0, 32; draw_string_vec4
    %concat/vec4; draw_string_vec4
    %pushi/vec4 0, 0, 32; draw_string_vec4
    %concat/vec4; draw_string_vec4
    %pushi/vec4 5132114, 0, 32; draw_string_vec4
    %concat/vec4; draw_string_vec4
    %pushi/vec4 540027953, 0, 32; draw_string_vec4
    %concat/vec4; draw_string_vec4
    %store/vec4 v0x103297750_0, 0, 256;
    %load/vec4 v0xba107c780_0;
    %pad/u 32;
    %store/vec4 v0x1032976b0_0, 0, 32;
    %pushi/vec4 0, 0, 32;
    %store/vec4 v0x103297610_0, 0, 32;
    %fork TD_tb_step1.check, S_0xba0c44300;
    %join;
    %pushi/vec4 1, 0, 1;
    %store/vec4 v0xba107c500_0, 0, 1;
    %pushi/vec4 0, 0, 1;
    %store/vec4 v0xba107c5a0_0, 0, 1;
    %delay 1000, 0;
    %pushi/vec4 0, 0, 32; draw_string_vec4
    %pushi/vec4 0, 0, 32; draw_string_vec4
    %concat/vec4; draw_string_vec4
    %pushi/vec4 0, 0, 32; draw_string_vec4
    %concat/vec4; draw_string_vec4
    %pushi/vec4 0, 0, 32; draw_string_vec4
    %concat/vec4; draw_string_vec4
    %pushi/vec4 0, 0, 32; draw_string_vec4
    %concat/vec4; draw_string_vec4
    %pushi/vec4 0, 0, 32; draw_string_vec4
    %concat/vec4; draw_string_vec4
    %pushi/vec4 5132114, 0, 32; draw_string_vec4
    %concat/vec4; draw_string_vec4
    %pushi/vec4 540093488, 0, 32; draw_string_vec4
    %concat/vec4; draw_string_vec4
    %store/vec4 v0x103297750_0, 0, 256;
    %load/vec4 v0xba107c780_0;
    %pad/u 32;
    %store/vec4 v0x1032976b0_0, 0, 32;
    %pushi/vec4 0, 0, 32;
    %store/vec4 v0x103297610_0, 0, 32;
    %fork TD_tb_step1.check, S_0xba0c44300;
    %join;
    %pushi/vec4 1, 0, 1;
    %store/vec4 v0xba107c500_0, 0, 1;
    %pushi/vec4 1, 0, 1;
    %store/vec4 v0xba107c5a0_0, 0, 1;
    %delay 1000, 0;
    %pushi/vec4 0, 0, 32; draw_string_vec4
    %pushi/vec4 0, 0, 32; draw_string_vec4
    %concat/vec4; draw_string_vec4
    %pushi/vec4 0, 0, 32; draw_string_vec4
    %concat/vec4; draw_string_vec4
    %pushi/vec4 0, 0, 32; draw_string_vec4
    %concat/vec4; draw_string_vec4
    %pushi/vec4 0, 0, 32; draw_string_vec4
    %concat/vec4; draw_string_vec4
    %pushi/vec4 0, 0, 32; draw_string_vec4
    %concat/vec4; draw_string_vec4
    %pushi/vec4 5132114, 0, 32; draw_string_vec4
    %concat/vec4; draw_string_vec4
    %pushi/vec4 540093489, 0, 32; draw_string_vec4
    %concat/vec4; draw_string_vec4
    %store/vec4 v0x103297750_0, 0, 256;
    %load/vec4 v0xba107c780_0;
    %pad/u 32;
    %store/vec4 v0x1032976b0_0, 0, 32;
    %pushi/vec4 0, 0, 32;
    %store/vec4 v0x103297610_0, 0, 32;
    %fork TD_tb_step1.check, S_0xba0c44300;
    %join;
    %vpi_call/w 3 73 "$display", "\012=== Testing 4-bit Arithmetic RIGHT Shift by 1 (ASR1) ===" {0 0 0};
    %pushi/vec4 0, 0, 4;
    %store/vec4 v0xba107c3c0_0, 0, 4;
    %delay 1000, 0;
    %pushi/vec4 0, 0, 32; draw_string_vec4
    %pushi/vec4 0, 0, 32; draw_string_vec4
    %concat/vec4; draw_string_vec4
    %pushi/vec4 0, 0, 32; draw_string_vec4
    %concat/vec4; draw_string_vec4
    %pushi/vec4 0, 0, 32; draw_string_vec4
    %concat/vec4; draw_string_vec4
    %pushi/vec4 0, 0, 32; draw_string_vec4
    %concat/vec4; draw_string_vec4
    %pushi/vec4 4281170, 0, 32; draw_string_vec4
    %concat/vec4; draw_string_vec4
    %pushi/vec4 824197437, 0, 32; draw_string_vec4
    %concat/vec4; draw_string_vec4
    %pushi/vec4 808464432, 0, 32; draw_string_vec4
    %concat/vec4; draw_string_vec4
    %store/vec4 v0x103297750_0, 0, 256;
    %load/vec4 v0xba107c460_0;
    %pad/u 32;
    %store/vec4 v0x1032976b0_0, 0, 32;
    %pushi/vec4 0, 0, 32;
    %store/vec4 v0x103297610_0, 0, 32;
    %fork TD_tb_step1.check, S_0xba0c44300;
    %join;
    %pushi/vec4 1, 0, 4;
    %store/vec4 v0xba107c3c0_0, 0, 4;
    %delay 1000, 0;
    %pushi/vec4 0, 0, 32; draw_string_vec4
    %pushi/vec4 0, 0, 32; draw_string_vec4
    %concat/vec4; draw_string_vec4
    %pushi/vec4 0, 0, 32; draw_string_vec4
    %concat/vec4; draw_string_vec4
    %pushi/vec4 0, 0, 32; draw_string_vec4
    %concat/vec4; draw_string_vec4
    %pushi/vec4 0, 0, 32; draw_string_vec4
    %concat/vec4; draw_string_vec4
    %pushi/vec4 4281170, 0, 32; draw_string_vec4
    %concat/vec4; draw_string_vec4
    %pushi/vec4 824197437, 0, 32; draw_string_vec4
    %concat/vec4; draw_string_vec4
    %pushi/vec4 808464433, 0, 32; draw_string_vec4
    %concat/vec4; draw_string_vec4
    %store/vec4 v0x103297750_0, 0, 256;
    %load/vec4 v0xba107c460_0;
    %pad/u 32;
    %store/vec4 v0x1032976b0_0, 0, 32;
    %pushi/vec4 0, 0, 32;
    %store/vec4 v0x103297610_0, 0, 32;
    %fork TD_tb_step1.check, S_0xba0c44300;
    %join;
    %pushi/vec4 2, 0, 4;
    %store/vec4 v0xba107c3c0_0, 0, 4;
    %delay 1000, 0;
    %pushi/vec4 0, 0, 32; draw_string_vec4
    %pushi/vec4 0, 0, 32; draw_string_vec4
    %concat/vec4; draw_string_vec4
    %pushi/vec4 0, 0, 32; draw_string_vec4
    %concat/vec4; draw_string_vec4
    %pushi/vec4 0, 0, 32; draw_string_vec4
    %concat/vec4; draw_string_vec4
    %pushi/vec4 0, 0, 32; draw_string_vec4
    %concat/vec4; draw_string_vec4
    %pushi/vec4 4281170, 0, 32; draw_string_vec4
    %concat/vec4; draw_string_vec4
    %pushi/vec4 824197437, 0, 32; draw_string_vec4
    %concat/vec4; draw_string_vec4
    %pushi/vec4 808464688, 0, 32; draw_string_vec4
    %concat/vec4; draw_string_vec4
    %store/vec4 v0x103297750_0, 0, 256;
    %load/vec4 v0xba107c460_0;
    %pad/u 32;
    %store/vec4 v0x1032976b0_0, 0, 32;
    %pushi/vec4 1, 0, 32;
    %store/vec4 v0x103297610_0, 0, 32;
    %fork TD_tb_step1.check, S_0xba0c44300;
    %join;
    %pushi/vec4 5, 0, 4;
    %store/vec4 v0xba107c3c0_0, 0, 4;
    %delay 1000, 0;
    %pushi/vec4 0, 0, 32; draw_string_vec4
    %pushi/vec4 0, 0, 32; draw_string_vec4
    %concat/vec4; draw_string_vec4
    %pushi/vec4 0, 0, 32; draw_string_vec4
    %concat/vec4; draw_string_vec4
    %pushi/vec4 0, 0, 32; draw_string_vec4
    %concat/vec4; draw_string_vec4
    %pushi/vec4 0, 0, 32; draw_string_vec4
    %concat/vec4; draw_string_vec4
    %pushi/vec4 4281170, 0, 32; draw_string_vec4
    %concat/vec4; draw_string_vec4
    %pushi/vec4 824197437, 0, 32; draw_string_vec4
    %concat/vec4; draw_string_vec4
    %pushi/vec4 808529969, 0, 32; draw_string_vec4
    %concat/vec4; draw_string_vec4
    %store/vec4 v0x103297750_0, 0, 256;
    %load/vec4 v0xba107c460_0;
    %pad/u 32;
    %store/vec4 v0x1032976b0_0, 0, 32;
    %pushi/vec4 2, 0, 32;
    %store/vec4 v0x103297610_0, 0, 32;
    %fork TD_tb_step1.check, S_0xba0c44300;
    %join;
    %pushi/vec4 7, 0, 4;
    %store/vec4 v0xba107c3c0_0, 0, 4;
    %delay 1000, 0;
    %pushi/vec4 0, 0, 32; draw_string_vec4
    %pushi/vec4 0, 0, 32; draw_string_vec4
    %concat/vec4; draw_string_vec4
    %pushi/vec4 0, 0, 32; draw_string_vec4
    %concat/vec4; draw_string_vec4
    %pushi/vec4 0, 0, 32; draw_string_vec4
    %concat/vec4; draw_string_vec4
    %pushi/vec4 0, 0, 32; draw_string_vec4
    %concat/vec4; draw_string_vec4
    %pushi/vec4 4281170, 0, 32; draw_string_vec4
    %concat/vec4; draw_string_vec4
    %pushi/vec4 824197437, 0, 32; draw_string_vec4
    %concat/vec4; draw_string_vec4
    %pushi/vec4 808530225, 0, 32; draw_string_vec4
    %concat/vec4; draw_string_vec4
    %store/vec4 v0x103297750_0, 0, 256;
    %load/vec4 v0xba107c460_0;
    %pad/u 32;
    %store/vec4 v0x1032976b0_0, 0, 32;
    %pushi/vec4 3, 0, 32;
    %store/vec4 v0x103297610_0, 0, 32;
    %fork TD_tb_step1.check, S_0xba0c44300;
    %join;
    %pushi/vec4 8, 0, 4;
    %store/vec4 v0xba107c3c0_0, 0, 4;
    %delay 1000, 0;
    %pushi/vec4 0, 0, 32; draw_string_vec4
    %pushi/vec4 0, 0, 32; draw_string_vec4
    %concat/vec4; draw_string_vec4
    %pushi/vec4 0, 0, 32; draw_string_vec4
    %concat/vec4; draw_string_vec4
    %pushi/vec4 0, 0, 32; draw_string_vec4
    %concat/vec4; draw_string_vec4
    %pushi/vec4 0, 0, 32; draw_string_vec4
    %concat/vec4; draw_string_vec4
    %pushi/vec4 4281170, 0, 32; draw_string_vec4
    %concat/vec4; draw_string_vec4
    %pushi/vec4 824197437, 0, 32; draw_string_vec4
    %concat/vec4; draw_string_vec4
    %pushi/vec4 825241648, 0, 32; draw_string_vec4
    %concat/vec4; draw_string_vec4
    %store/vec4 v0x103297750_0, 0, 256;
    %load/vec4 v0xba107c460_0;
    %pad/u 32;
    %store/vec4 v0x1032976b0_0, 0, 32;
    %pushi/vec4 12, 0, 32;
    %store/vec4 v0x103297610_0, 0, 32;
    %fork TD_tb_step1.check, S_0xba0c44300;
    %join;
    %pushi/vec4 9, 0, 4;
    %store/vec4 v0xba107c3c0_0, 0, 4;
    %delay 1000, 0;
    %pushi/vec4 0, 0, 32; draw_string_vec4
    %pushi/vec4 0, 0, 32; draw_string_vec4
    %concat/vec4; draw_string_vec4
    %pushi/vec4 0, 0, 32; draw_string_vec4
    %concat/vec4; draw_string_vec4
    %pushi/vec4 0, 0, 32; draw_string_vec4
    %concat/vec4; draw_string_vec4
    %pushi/vec4 0, 0, 32; draw_string_vec4
    %concat/vec4; draw_string_vec4
    %pushi/vec4 4281170, 0, 32; draw_string_vec4
    %concat/vec4; draw_string_vec4
    %pushi/vec4 824197437, 0, 32; draw_string_vec4
    %concat/vec4; draw_string_vec4
    %pushi/vec4 825241649, 0, 32; draw_string_vec4
    %concat/vec4; draw_string_vec4
    %store/vec4 v0x103297750_0, 0, 256;
    %load/vec4 v0xba107c460_0;
    %pad/u 32;
    %store/vec4 v0x1032976b0_0, 0, 32;
    %pushi/vec4 12, 0, 32;
    %store/vec4 v0x103297610_0, 0, 32;
    %fork TD_tb_step1.check, S_0xba0c44300;
    %join;
    %pushi/vec4 11, 0, 4;
    %store/vec4 v0xba107c3c0_0, 0, 4;
    %delay 1000, 0;
    %pushi/vec4 0, 0, 32; draw_string_vec4
    %pushi/vec4 0, 0, 32; draw_string_vec4
    %concat/vec4; draw_string_vec4
    %pushi/vec4 0, 0, 32; draw_string_vec4
    %concat/vec4; draw_string_vec4
    %pushi/vec4 0, 0, 32; draw_string_vec4
    %concat/vec4; draw_string_vec4
    %pushi/vec4 0, 0, 32; draw_string_vec4
    %concat/vec4; draw_string_vec4
    %pushi/vec4 4281170, 0, 32; draw_string_vec4
    %concat/vec4; draw_string_vec4
    %pushi/vec4 824197437, 0, 32; draw_string_vec4
    %concat/vec4; draw_string_vec4
    %pushi/vec4 825241905, 0, 32; draw_string_vec4
    %concat/vec4; draw_string_vec4
    %store/vec4 v0x103297750_0, 0, 256;
    %load/vec4 v0xba107c460_0;
    %pad/u 32;
    %store/vec4 v0x1032976b0_0, 0, 32;
    %pushi/vec4 13, 0, 32;
    %store/vec4 v0x103297610_0, 0, 32;
    %fork TD_tb_step1.check, S_0xba0c44300;
    %join;
    %pushi/vec4 15, 0, 4;
    %store/vec4 v0xba107c3c0_0, 0, 4;
    %delay 1000, 0;
    %pushi/vec4 0, 0, 32; draw_string_vec4
    %pushi/vec4 0, 0, 32; draw_string_vec4
    %concat/vec4; draw_string_vec4
    %pushi/vec4 0, 0, 32; draw_string_vec4
    %concat/vec4; draw_string_vec4
    %pushi/vec4 0, 0, 32; draw_string_vec4
    %concat/vec4; draw_string_vec4
    %pushi/vec4 0, 0, 32; draw_string_vec4
    %concat/vec4; draw_string_vec4
    %pushi/vec4 4281170, 0, 32; draw_string_vec4
    %concat/vec4; draw_string_vec4
    %pushi/vec4 824197437, 0, 32; draw_string_vec4
    %concat/vec4; draw_string_vec4
    %pushi/vec4 825307441, 0, 32; draw_string_vec4
    %concat/vec4; draw_string_vec4
    %store/vec4 v0x103297750_0, 0, 256;
    %load/vec4 v0xba107c460_0;
    %pad/u 32;
    %store/vec4 v0x1032976b0_0, 0, 32;
    %pushi/vec4 15, 0, 32;
    %store/vec4 v0x103297610_0, 0, 32;
    %fork TD_tb_step1.check, S_0xba0c44300;
    %join;
    %vpi_call/w 3 88 "$display", "\012=== TEST SUMMARY ===" {0 0 0};
    %load/vec4 v0xba107c640_0;
    %cmpi/e 0, 0, 32;
    %jmp/0xz  T_1.0, 4;
    %vpi_call/w 3 89 "$display", "ALL TESTS PASSED \342\234\205" {0 0 0};
    %jmp T_1.1;
T_1.0 ;
    %vpi_call/w 3 90 "$display", "TESTS FAILED \342\235\214 errors=%0d", v0xba107c640_0 {0 0 0};
T_1.1 ;
    %delay 5000, 0;
    %vpi_call/w 3 93 "$finish" {0 0 0};
    %end;
    .thread T_1;
# The file index is used to find the file name in the following table.
:file_names 6;
    "N/A";
    "<interactive>";
    "-";
    "tests/tb_step1.v";
    "verilog/gates_step1.v";
    "verilog/ashift4_step1.v";
